{
  "0 debug pnpm:scope": {
    "selected": 1
  },
  "1 error pnpm": {
    "code": "ELIFECYCLE",
    "errno": "ENOENT",
    "syscall": "spawn",
    "file": "sh",
    "pkgid": "blog@1.0.0",
    "stage": "serve",
    "script": "vitepress serve docs",
    "pkgname": "blog",
    "err": {
      "name": "pnpm",
      "message": "blog@1.0.0 serve: `vitepress serve docs`\nspawn ENOENT",
      "code": "ELIFECYCLE",
      "stack": "pnpm: blog@1.0.0 serve: `vitepress serve docs`\nspawn ENOENT\n    at ChildProcess.<anonymous> (/Users/hoge/.nvm/versions/node/v12.22.0/lib/node_modules/pnpm/dist/pnpm.cjs:92290:22)\n    at ChildProcess.emit (events.js:314:20)\n    at maybeClose (internal/child_process.js:1022:16)\n    at Process.ChildProcess._handle.onexit (internal/child_process.js:287:5)"
    }
  },
  "2 warn pnpm:global": " Local package.json exists, but node_modules missing, did you mean to install?"
}